This file contains any messages produced by compilers while
running configure, to aid debugging if configure makes a mistake.

It was created by GNU Chess configure 6.0.1, which was
generated by GNU Autoconf 2.61.  Invocation command line was

  $ ./configure 

## --------- ##
## Platform. ##
## --------- ##

hostname = ashishdesktop
uname -m = x86_64
uname -r = 2.6.38-10-generic
uname -s = Linux
uname -v = #46-Ubuntu SMP Tue Jun 28 15:07:17 UTC 2011

/usr/bin/uname -p = unknown
/bin/uname -X     = unknown

/bin/arch              = unknown
/usr/bin/arch -k       = unknown
/usr/convex/getsysinfo = unknown
/usr/bin/hostinfo      = unknown
/bin/machine           = unknown
/usr/bin/oslevel       = unknown
/bin/universe          = unknown

PATH: /home/ashish/.rvm/gems/ruby-1.9.2-head/bin
PATH: /home/ashish/.rvm/gems/ruby-1.9.2-head@global/bin
PATH: /home/ashish/.rvm/rubies/ruby-1.9.2-head/bin
PATH: /home/ashish/.rvm/bin
PATH: /usr/local/sbin
PATH: /usr/local/bin
PATH: /usr/sbin
PATH: /usr/bin
PATH: /sbin
PATH: /bin
PATH: /usr/games


## ----------- ##
## Core tests. ##
## ----------- ##

configure:1811: checking for a BSD-compatible install
configure:1867: result: /usr/bin/install -c
configure:1878: checking whether build environment is sane
configure:1921: result: yes
configure:1949: checking for a thread-safe mkdir -p
configure:1988: result: /bin/mkdir -p
configure:2001: checking for gawk
configure:2031: result: no
configure:2001: checking for mawk
configure:2017: found /usr/bin/mawk
configure:2028: result: mawk
configure:2039: checking whether make sets $(MAKE)
configure:2060: result: yes
configure:2300: checking for gcc
configure:2316: found /usr/bin/gcc
configure:2327: result: gcc
configure:2565: checking for C compiler version
configure:2572: gcc --version >&5
gcc (Ubuntu/Linaro 4.5.2-8ubuntu4) 4.5.2
Copyright (C) 2010 Free Software Foundation, Inc.
This is free software; see the source for copying conditions.  There is NO
warranty; not even for MERCHANTABILITY or FITNESS FOR A PARTICULAR PURPOSE.

configure:2575: $? = 0
configure:2582: gcc -v >&5
Using built-in specs.
COLLECT_GCC=gcc
COLLECT_LTO_WRAPPER=/usr/lib/x86_64-linux-gnu/gcc/x86_64-linux-gnu/4.5.2/lto-wrapper
Target: x86_64-linux-gnu
Configured with: ../src/configure -v --with-pkgversion='Ubuntu/Linaro 4.5.2-8ubuntu4' --with-bugurl=file:///usr/share/doc/gcc-4.5/README.Bugs --enable-languages=c,c++,fortran,objc,obj-c++ --prefix=/usr --program-suffix=-4.5 --enable-shared --enable-multiarch --with-multiarch-defaults=x86_64-linux-gnu --enable-linker-build-id --with-system-zlib --libexecdir=/usr/lib/x86_64-linux-gnu --without-included-gettext --enable-threads=posix --with-gxx-include-dir=/usr/include/c++/4.5 --libdir=/usr/lib/x86_64-linux-gnu --enable-nls --with-sysroot=/ --enable-clocale=gnu --enable-libstdcxx-debug --enable-libstdcxx-time=yes --enable-plugin --enable-gold --enable-ld=default --with-plugin-ld=ld.gold --enable-objc-gc --disable-werror --with-arch-32=i686 --with-tune=generic --enable-checking=release --build=x86_64-linux-gnu --host=x86_64-linux-gnu --target=x86_64-linux-gnu
Thread model: posix
gcc version 4.5.2 (Ubuntu/Linaro 4.5.2-8ubuntu4) 
configure:2585: $? = 0
configure:2592: gcc -V >&5
gcc: '-V' option must have argument
configure:2595: $? = 1
configure:2618: checking for C compiler default output file name
configure:2645: gcc    conftest.c  >&5
configure:2648: $? = 0
configure:2686: result: a.out
configure:2703: checking whether the C compiler works
configure:2713: ./a.out
configure:2716: $? = 0
configure:2733: result: yes
configure:2740: checking whether we are cross compiling
configure:2742: result: no
configure:2745: checking for suffix of executables
configure:2752: gcc -o conftest    conftest.c  >&5
configure:2755: $? = 0
configure:2779: result: 
configure:2785: checking for suffix of object files
configure:2811: gcc -c   conftest.c >&5
configure:2814: $? = 0
configure:2837: result: o
configure:2841: checking whether we are using the GNU C compiler
configure:2870: gcc -c   conftest.c >&5
configure:2876: $? = 0
configure:2893: result: yes
configure:2898: checking whether gcc accepts -g
configure:2928: gcc -c -g  conftest.c >&5
configure:2934: $? = 0
configure:3033: result: yes
configure:3050: checking for gcc option to accept ISO C89
configure:3124: gcc  -c -g -O2  conftest.c >&5
configure:3130: $? = 0
configure:3153: result: none needed
configure:3182: checking for style of include used by make
configure:3210: result: GNU
configure:3235: checking dependency style of gcc
configure:3326: result: gcc3
configure:3399: checking for g++
configure:3415: found /usr/bin/g++
configure:3426: result: g++
configure:3457: checking for C++ compiler version
configure:3464: g++ --version >&5
g++ (Ubuntu/Linaro 4.5.2-8ubuntu4) 4.5.2
Copyright (C) 2010 Free Software Foundation, Inc.
This is free software; see the source for copying conditions.  There is NO
warranty; not even for MERCHANTABILITY or FITNESS FOR A PARTICULAR PURPOSE.

configure:3467: $? = 0
configure:3474: g++ -v >&5
Using built-in specs.
COLLECT_GCC=g++
COLLECT_LTO_WRAPPER=/usr/lib/x86_64-linux-gnu/gcc/x86_64-linux-gnu/4.5.2/lto-wrapper
Target: x86_64-linux-gnu
Configured with: ../src/configure -v --with-pkgversion='Ubuntu/Linaro 4.5.2-8ubuntu4' --with-bugurl=file:///usr/share/doc/gcc-4.5/README.Bugs --enable-languages=c,c++,fortran,objc,obj-c++ --prefix=/usr --program-suffix=-4.5 --enable-shared --enable-multiarch --with-multiarch-defaults=x86_64-linux-gnu --enable-linker-build-id --with-system-zlib --libexecdir=/usr/lib/x86_64-linux-gnu --without-included-gettext --enable-threads=posix --with-gxx-include-dir=/usr/include/c++/4.5 --libdir=/usr/lib/x86_64-linux-gnu --enable-nls --with-sysroot=/ --enable-clocale=gnu --enable-libstdcxx-debug --enable-libstdcxx-time=yes --enable-plugin --enable-gold --enable-ld=default --with-plugin-ld=ld.gold --enable-objc-gc --disable-werror --with-arch-32=i686 --with-tune=generic --enable-checking=release --build=x86_64-linux-gnu --host=x86_64-linux-gnu --target=x86_64-linux-gnu
Thread model: posix
gcc version 4.5.2 (Ubuntu/Linaro 4.5.2-8ubuntu4) 
configure:3477: $? = 0
configure:3484: g++ -V >&5
g++: '-V' option must have argument
configure:3487: $? = 1
configure:3490: checking whether we are using the GNU C++ compiler
configure:3519: g++ -c   conftest.cpp >&5
configure:3525: $? = 0
configure:3542: result: yes
configure:3547: checking whether g++ accepts -g
configure:3577: g++ -c -g  conftest.cpp >&5
configure:3583: $? = 0
configure:3682: result: yes
configure:3707: checking dependency style of g++
configure:3798: result: gcc3
configure:3856: checking for ranlib
configure:3872: found /usr/bin/ranlib
configure:3883: result: ranlib
configure:3922: checking for a BSD-compatible install
configure:3978: result: /usr/bin/install -c
configure:3993: checking for gawk
configure:4020: result: mawk
configure:4031: checking whether ln -s works
configure:4035: result: yes
configure:4043: checking whether struct tm is in sys/time.h or time.h
configure:4073: gcc -c -g -O2  conftest.c >&5
configure:4079: $? = 0
configure:4094: result: time.h
configure:4108: checking for flex
configure:4138: result: no
configure:4108: checking for lex
configure:4138: result: no
configure:4323: checking for tputs in -lncurses
configure:4358: gcc -o conftest -g -O2   conftest.c -lncurses   >&5
configure:4364: $? = 0
configure:4382: result: yes
configure:4394: checking for readline in -lreadline
configure:4429: gcc -o conftest -g -O2   conftest.c -lreadline  -lncurses  >&5
configure:4435: $? = 0
configure:4453: result: yes
configure:4469: checking how to run the C preprocessor
configure:4509: gcc -E  conftest.c
configure:4515: $? = 0
configure:4546: gcc -E  conftest.c
conftest.c:12:28: fatal error: ac_nonexistent.h: No such file or directory
compilation terminated.
configure:4552: $? = 1
configure: failed program was:
| /* confdefs.h.  */
| #define PACKAGE_NAME "GNU Chess"
| #define PACKAGE_TARNAME "chess"
| #define PACKAGE_VERSION "6.0.1"
| #define PACKAGE_STRING "GNU Chess 6.0.1"
| #define PACKAGE_BUGREPORT "bug-gnu-chess@gnu.org"
| #define PACKAGE "gnuchess"
| #define VERSION "6.0.1"
| #define HAVE_LIBNCURSES 1
| #define HAVE_LIBREADLINE 1
| /* end confdefs.h.  */
| #include <ac_nonexistent.h>
configure:4585: result: gcc -E
configure:4614: gcc -E  conftest.c
configure:4620: $? = 0
configure:4651: gcc -E  conftest.c
conftest.c:12:28: fatal error: ac_nonexistent.h: No such file or directory
compilation terminated.
configure:4657: $? = 1
configure: failed program was:
| /* confdefs.h.  */
| #define PACKAGE_NAME "GNU Chess"
| #define PACKAGE_TARNAME "chess"
| #define PACKAGE_VERSION "6.0.1"
| #define PACKAGE_STRING "GNU Chess 6.0.1"
| #define PACKAGE_BUGREPORT "bug-gnu-chess@gnu.org"
| #define PACKAGE "gnuchess"
| #define VERSION "6.0.1"
| #define HAVE_LIBNCURSES 1
| #define HAVE_LIBREADLINE 1
| /* end confdefs.h.  */
| #include <ac_nonexistent.h>
configure:4695: checking for grep that handles long lines and -e
configure:4769: result: /bin/grep
configure:4774: checking for egrep
configure:4852: result: /bin/grep -E
configure:4857: checking for ANSI C header files
configure:4887: gcc -c -g -O2  conftest.c >&5
configure:4893: $? = 0
configure:4992: gcc -o conftest -g -O2   conftest.c -lreadline -lncurses  >&5
configure:4995: $? = 0
configure:5001: ./conftest
configure:5004: $? = 0
configure:5021: result: yes
configure:5045: checking for sys/types.h
configure:5066: gcc -c -g -O2  conftest.c >&5
configure:5072: $? = 0
configure:5088: result: yes
configure:5045: checking for sys/stat.h
configure:5066: gcc -c -g -O2  conftest.c >&5
configure:5072: $? = 0
configure:5088: result: yes
configure:5045: checking for stdlib.h
configure:5066: gcc -c -g -O2  conftest.c >&5
configure:5072: $? = 0
configure:5088: result: yes
configure:5045: checking for string.h
configure:5066: gcc -c -g -O2  conftest.c >&5
configure:5072: $? = 0
configure:5088: result: yes
configure:5045: checking for memory.h
configure:5066: gcc -c -g -O2  conftest.c >&5
configure:5072: $? = 0
configure:5088: result: yes
configure:5045: checking for strings.h
configure:5066: gcc -c -g -O2  conftest.c >&5
configure:5072: $? = 0
configure:5088: result: yes
configure:5045: checking for inttypes.h
configure:5066: gcc -c -g -O2  conftest.c >&5
configure:5072: $? = 0
configure:5088: result: yes
configure:5045: checking for stdint.h
configure:5066: gcc -c -g -O2  conftest.c >&5
configure:5072: $? = 0
configure:5088: result: yes
configure:5045: checking for unistd.h
configure:5066: gcc -c -g -O2  conftest.c >&5
configure:5072: $? = 0
configure:5088: result: yes
configure:5116: checking readline/readline.h usability
configure:5133: gcc -c -g -O2  conftest.c >&5
configure:5139: $? = 0
configure:5153: result: yes
configure:5157: checking readline/readline.h presence
configure:5172: gcc -E  conftest.c
configure:5178: $? = 0
configure:5192: result: yes
configure:5225: checking for readline/readline.h
configure:5233: result: yes
configure:5116: checking readline/history.h usability
configure:5133: gcc -c -g -O2  conftest.c >&5
configure:5139: $? = 0
configure:5153: result: yes
configure:5157: checking readline/history.h presence
configure:5172: gcc -E  conftest.c
configure:5178: $? = 0
configure:5192: result: yes
configure:5225: checking for readline/history.h
configure:5233: result: yes
configure:5248: checking for ANSI C header files
configure:5412: result: yes
configure:5443: checking time.h usability
configure:5460: gcc -c -g -O2  conftest.c >&5
configure:5466: $? = 0
configure:5480: result: yes
configure:5484: checking time.h presence
configure:5499: gcc -E  conftest.c
configure:5505: $? = 0
configure:5519: result: yes
configure:5552: checking for time.h
configure:5560: result: yes
configure:5443: checking sys/time.h usability
configure:5460: gcc -c -g -O2  conftest.c >&5
configure:5466: $? = 0
configure:5480: result: yes
configure:5484: checking sys/time.h presence
configure:5499: gcc -E  conftest.c
configure:5505: $? = 0
configure:5519: result: yes
configure:5552: checking for sys/time.h
configure:5560: result: yes
configure:5433: checking for unistd.h
configure:5439: result: yes
configure:5443: checking errno.h usability
configure:5460: gcc -c -g -O2  conftest.c >&5
configure:5466: $? = 0
configure:5480: result: yes
configure:5484: checking errno.h presence
configure:5499: gcc -E  conftest.c
configure:5505: $? = 0
configure:5519: result: yes
configure:5552: checking for errno.h
configure:5560: result: yes
configure:5443: checking fcntl.h usability
configure:5460: gcc -c -g -O2  conftest.c >&5
configure:5466: $? = 0
configure:5480: result: yes
configure:5484: checking fcntl.h presence
configure:5499: gcc -E  conftest.c
configure:5505: $? = 0
configure:5519: result: yes
configure:5552: checking for fcntl.h
configure:5560: result: yes
configure:5443: checking libintl.h usability
configure:5460: gcc -c -g -O2  conftest.c >&5
configure:5466: $? = 0
configure:5480: result: yes
configure:5484: checking libintl.h presence
configure:5499: gcc -E  conftest.c
configure:5505: $? = 0
configure:5519: result: yes
configure:5552: checking for libintl.h
configure:5560: result: yes
configure:5574: checking for an ANSI C-conforming const
configure:5649: gcc -c -g -O2  conftest.c >&5
configure:5655: $? = 0
configure:5670: result: yes
configure:5680: checking for working volatile
configure:5709: gcc -c -g -O2  conftest.c >&5
configure:5715: $? = 0
configure:5730: result: yes
configure:5745: checking for stdlib.h
configure:5751: result: yes
configure:5885: checking for GNU libc compatible realloc
configure:5919: gcc -o conftest -g -O2   conftest.c -lreadline -lncurses  >&5
configure:5922: $? = 0
configure:5928: ./conftest
configure:5931: $? = 0
configure:5947: result: yes
configure:5975: checking for stdbool.h that conforms to C99
configure:6068: gcc -c -g -O2  conftest.c >&5
configure:6074: $? = 0
configure:6089: result: yes
configure:6091: checking for _Bool
configure:6121: gcc -c -g -O2  conftest.c >&5
configure:6127: $? = 0
configure:6142: result: yes
configure:6161: checking for inline
configure:6187: gcc -c -g -O2  conftest.c >&5
configure:6193: $? = 0
configure:6211: result: inline
configure:6230: checking for size_t
configure:6260: gcc -c -g -O2  conftest.c >&5
configure:6266: $? = 0
configure:6281: result: yes
configure:6293: checking whether time.h and sys/time.h may both be included
configure:6323: gcc -c -g -O2  conftest.c >&5
configure:6329: $? = 0
configure:6344: result: yes
configure:6355: checking for stdint types
configure:6388: gcc -c   conftest.c >&5
configure:6394: $? = 0
configure:6427: result: stdint.h (shortcircuit)
configure:7429: result: make use of stdint.h in src/GCint.h (assuming C99 compatible system)
configure:7437: checking return type of signal handlers
configure:7465: gcc -c -g -O2  conftest.c >&5
conftest.c: In function 'main':
conftest.c:42:1: error: void value not ignored as it ought to be
configure:7471: $? = 1
configure: failed program was:
| /* confdefs.h.  */
| #define PACKAGE_NAME "GNU Chess"
| #define PACKAGE_TARNAME "chess"
| #define PACKAGE_VERSION "6.0.1"
| #define PACKAGE_STRING "GNU Chess 6.0.1"
| #define PACKAGE_BUGREPORT "bug-gnu-chess@gnu.org"
| #define PACKAGE "gnuchess"
| #define VERSION "6.0.1"
| #define HAVE_LIBNCURSES 1
| #define HAVE_LIBREADLINE 1
| #define STDC_HEADERS 1
| #define HAVE_SYS_TYPES_H 1
| #define HAVE_SYS_STAT_H 1
| #define HAVE_STDLIB_H 1
| #define HAVE_STRING_H 1
| #define HAVE_MEMORY_H 1
| #define HAVE_STRINGS_H 1
| #define HAVE_INTTYPES_H 1
| #define HAVE_STDINT_H 1
| #define HAVE_UNISTD_H 1
| #define HAVE_READLINE_READLINE_H 1
| #define HAVE_READLINE_HISTORY_H 1
| #define STDC_HEADERS 1
| #define HAVE_TIME_H 1
| #define HAVE_SYS_TIME_H 1
| #define HAVE_UNISTD_H 1
| #define HAVE_ERRNO_H 1
| #define HAVE_FCNTL_H 1
| #define HAVE_LIBINTL_H 1
| #define HAVE_STDLIB_H 1
| #define HAVE_REALLOC 1
| #define HAVE__BOOL 1
| #define HAVE_STDBOOL_H 1
| #define TIME_WITH_SYS_TIME 1
| /* end confdefs.h.  */
| #include <sys/types.h>
| #include <signal.h>
| 
| int
| main ()
| {
| return *(signal (0, 0)) (0) == 1;
|   ;
|   return 0;
| }
configure:7486: result: void
configure:7499: checking for stdlib.h
configure:7505: result: yes
configure:7639: checking for GNU libc compatible malloc
configure:7673: gcc -o conftest -g -O2   conftest.c -lreadline -lncurses  >&5
configure:7676: $? = 0
configure:7682: ./conftest
configure:7685: $? = 0
configure:7701: result: yes
configure:7729: checking for working memcmp
configure:7782: gcc -o conftest -g -O2   conftest.c -lreadline -lncurses  >&5
configure:7785: $? = 0
configure:7791: ./conftest
configure:7794: $? = 0
configure:7810: result: yes
configure:7831: checking for gettimeofday
configure:7887: gcc -o conftest -g -O2   conftest.c -lreadline -lncurses  >&5
configure:7893: $? = 0
configure:7911: result: yes
configure:7831: checking for strchr
configure:7887: gcc -o conftest -g -O2   conftest.c -lreadline -lncurses  >&5
conftest.c:63:6: warning: conflicting types for built-in function 'strchr'
configure:7893: $? = 0
configure:7911: result: yes
configure:7831: checking for strcspn
configure:7887: gcc -o conftest -g -O2   conftest.c -lreadline -lncurses  >&5
conftest.c:64:6: warning: conflicting types for built-in function 'strcspn'
configure:7893: $? = 0
configure:7911: result: yes
configure:7831: checking for strstr
configure:7887: gcc -o conftest -g -O2   conftest.c -lreadline -lncurses  >&5
conftest.c:65:6: warning: conflicting types for built-in function 'strstr'
configure:7893: $? = 0
configure:7911: result: yes
configure:7831: checking for strerror
configure:7887: gcc -o conftest -g -O2   conftest.c -lreadline -lncurses  >&5
configure:7893: $? = 0
configure:7911: result: yes
configure:7831: checking for memset
configure:7887: gcc -o conftest -g -O2   conftest.c -lreadline -lncurses  >&5
conftest.c:67:6: warning: conflicting types for built-in function 'memset'
configure:7893: $? = 0
configure:7911: result: yes
configure:7831: checking for strdup
configure:7887: gcc -o conftest -g -O2   conftest.c -lreadline -lncurses  >&5
conftest.c:68:6: warning: conflicting types for built-in function 'strdup'
configure:7893: $? = 0
configure:7911: result: yes
configure:7831: checking for strtol
configure:7887: gcc -o conftest -g -O2   conftest.c -lreadline -lncurses  >&5
configure:7893: $? = 0
configure:7911: result: yes
configure:7928: checking build system type
configure:7946: result: x86_64-unknown-linux-gnu
configure:7968: checking host system type
configure:7983: result: x86_64-unknown-linux-gnu
configure:8217: checking for the pthreads library -lpthreads
configure:8262: gcc -o conftest -g -O2    conftest.c -lpthreads -lreadline -lncurses  >&5
/usr/bin/ld: cannot find -lpthreads
collect2: ld returned 1 exit status
configure:8268: $? = 1
configure: failed program was:
| /* confdefs.h.  */
| #define PACKAGE_NAME "GNU Chess"
| #define PACKAGE_TARNAME "chess"
| #define PACKAGE_VERSION "6.0.1"
| #define PACKAGE_STRING "GNU Chess 6.0.1"
| #define PACKAGE_BUGREPORT "bug-gnu-chess@gnu.org"
| #define PACKAGE "gnuchess"
| #define VERSION "6.0.1"
| #define HAVE_LIBNCURSES 1
| #define HAVE_LIBREADLINE 1
| #define STDC_HEADERS 1
| #define HAVE_SYS_TYPES_H 1
| #define HAVE_SYS_STAT_H 1
| #define HAVE_STDLIB_H 1
| #define HAVE_STRING_H 1
| #define HAVE_MEMORY_H 1
| #define HAVE_STRINGS_H 1
| #define HAVE_INTTYPES_H 1
| #define HAVE_STDINT_H 1
| #define HAVE_UNISTD_H 1
| #define HAVE_READLINE_READLINE_H 1
| #define HAVE_READLINE_HISTORY_H 1
| #define STDC_HEADERS 1
| #define HAVE_TIME_H 1
| #define HAVE_SYS_TIME_H 1
| #define HAVE_UNISTD_H 1
| #define HAVE_ERRNO_H 1
| #define HAVE_FCNTL_H 1
| #define HAVE_LIBINTL_H 1
| #define HAVE_STDLIB_H 1
| #define HAVE_REALLOC 1
| #define HAVE__BOOL 1
| #define HAVE_STDBOOL_H 1
| #define TIME_WITH_SYS_TIME 1
| #define RETSIGTYPE void
| #define HAVE_STDLIB_H 1
| #define HAVE_MALLOC 1
| #define HAVE_GETTIMEOFDAY 1
| #define HAVE_STRCHR 1
| #define HAVE_STRCSPN 1
| #define HAVE_STRSTR 1
| #define HAVE_STRERROR 1
| #define HAVE_MEMSET 1
| #define HAVE_STRDUP 1
| #define HAVE_STRTOL 1
| /* end confdefs.h.  */
| #include <pthread.h>
| int
| main ()
| {
| pthread_t th; pthread_join(th, 0);
|                      pthread_attr_init(0); pthread_cleanup_push(0, 0);
|                      pthread_create(0,0,0,0); pthread_cleanup_pop(0);
|   ;
|   return 0;
| }
configure:8289: result: no
configure:8205: checking whether pthreads work without any flags
configure:8262: gcc -o conftest -g -O2    conftest.c  -lreadline -lncurses  >&5
/tmp/ccYLgvvO.o: In function `main':
/home/ashish/Desktop/chess/gnuchess-6.0.1/conftest.c:51: undefined reference to `pthread_join'
/home/ashish/Desktop/chess/gnuchess-6.0.1/conftest.c:52: undefined reference to `__pthread_register_cancel'
/home/ashish/Desktop/chess/gnuchess-6.0.1/conftest.c:53: undefined reference to `pthread_create'
/home/ashish/Desktop/chess/gnuchess-6.0.1/conftest.c:53: undefined reference to `__pthread_unregister_cancel'
collect2: ld returned 1 exit status
configure:8268: $? = 1
configure: failed program was:
| /* confdefs.h.  */
| #define PACKAGE_NAME "GNU Chess"
| #define PACKAGE_TARNAME "chess"
| #define PACKAGE_VERSION "6.0.1"
| #define PACKAGE_STRING "GNU Chess 6.0.1"
| #define PACKAGE_BUGREPORT "bug-gnu-chess@gnu.org"
| #define PACKAGE "gnuchess"
| #define VERSION "6.0.1"
| #define HAVE_LIBNCURSES 1
| #define HAVE_LIBREADLINE 1
| #define STDC_HEADERS 1
| #define HAVE_SYS_TYPES_H 1
| #define HAVE_SYS_STAT_H 1
| #define HAVE_STDLIB_H 1
| #define HAVE_STRING_H 1
| #define HAVE_MEMORY_H 1
| #define HAVE_STRINGS_H 1
| #define HAVE_INTTYPES_H 1
| #define HAVE_STDINT_H 1
| #define HAVE_UNISTD_H 1
| #define HAVE_READLINE_READLINE_H 1
| #define HAVE_READLINE_HISTORY_H 1
| #define STDC_HEADERS 1
| #define HAVE_TIME_H 1
| #define HAVE_SYS_TIME_H 1
| #define HAVE_UNISTD_H 1
| #define HAVE_ERRNO_H 1
| #define HAVE_FCNTL_H 1
| #define HAVE_LIBINTL_H 1
| #define HAVE_STDLIB_H 1
| #define HAVE_REALLOC 1
| #define HAVE__BOOL 1
| #define HAVE_STDBOOL_H 1
| #define TIME_WITH_SYS_TIME 1
| #define RETSIGTYPE void
| #define HAVE_STDLIB_H 1
| #define HAVE_MALLOC 1
| #define HAVE_GETTIMEOFDAY 1
| #define HAVE_STRCHR 1
| #define HAVE_STRCSPN 1
| #define HAVE_STRSTR 1
| #define HAVE_STRERROR 1
| #define HAVE_MEMSET 1
| #define HAVE_STRDUP 1
| #define HAVE_STRTOL 1
| /* end confdefs.h.  */
| #include <pthread.h>
| int
| main ()
| {
| pthread_t th; pthread_join(th, 0);
|                      pthread_attr_init(0); pthread_cleanup_push(0, 0);
|                      pthread_create(0,0,0,0); pthread_cleanup_pop(0);
|   ;
|   return 0;
| }
configure:8289: result: no
configure:8210: checking whether pthreads work with -Kthread
configure:8262: gcc -o conftest -g -O2 -Kthread   conftest.c  -lreadline -lncurses  >&5
gcc: unrecognized option '-Kthread'
/tmp/ccCdCFJT.o: In function `main':
/home/ashish/Desktop/chess/gnuchess-6.0.1/conftest.c:51: undefined reference to `pthread_join'
/home/ashish/Desktop/chess/gnuchess-6.0.1/conftest.c:52: undefined reference to `__pthread_register_cancel'
/home/ashish/Desktop/chess/gnuchess-6.0.1/conftest.c:53: undefined reference to `pthread_create'
/home/ashish/Desktop/chess/gnuchess-6.0.1/conftest.c:53: undefined reference to `__pthread_unregister_cancel'
collect2: ld returned 1 exit status
configure:8268: $? = 1
configure: failed program was:
| /* confdefs.h.  */
| #define PACKAGE_NAME "GNU Chess"
| #define PACKAGE_TARNAME "chess"
| #define PACKAGE_VERSION "6.0.1"
| #define PACKAGE_STRING "GNU Chess 6.0.1"
| #define PACKAGE_BUGREPORT "bug-gnu-chess@gnu.org"
| #define PACKAGE "gnuchess"
| #define VERSION "6.0.1"
| #define HAVE_LIBNCURSES 1
| #define HAVE_LIBREADLINE 1
| #define STDC_HEADERS 1
| #define HAVE_SYS_TYPES_H 1
| #define HAVE_SYS_STAT_H 1
| #define HAVE_STDLIB_H 1
| #define HAVE_STRING_H 1
| #define HAVE_MEMORY_H 1
| #define HAVE_STRINGS_H 1
| #define HAVE_INTTYPES_H 1
| #define HAVE_STDINT_H 1
| #define HAVE_UNISTD_H 1
| #define HAVE_READLINE_READLINE_H 1
| #define HAVE_READLINE_HISTORY_H 1
| #define STDC_HEADERS 1
| #define HAVE_TIME_H 1
| #define HAVE_SYS_TIME_H 1
| #define HAVE_UNISTD_H 1
| #define HAVE_ERRNO_H 1
| #define HAVE_FCNTL_H 1
| #define HAVE_LIBINTL_H 1
| #define HAVE_STDLIB_H 1
| #define HAVE_REALLOC 1
| #define HAVE__BOOL 1
| #define HAVE_STDBOOL_H 1
| #define TIME_WITH_SYS_TIME 1
| #define RETSIGTYPE void
| #define HAVE_STDLIB_H 1
| #define HAVE_MALLOC 1
| #define HAVE_GETTIMEOFDAY 1
| #define HAVE_STRCHR 1
| #define HAVE_STRCSPN 1
| #define HAVE_STRSTR 1
| #define HAVE_STRERROR 1
| #define HAVE_MEMSET 1
| #define HAVE_STRDUP 1
| #define HAVE_STRTOL 1
| /* end confdefs.h.  */
| #include <pthread.h>
| int
| main ()
| {
| pthread_t th; pthread_join(th, 0);
|                      pthread_attr_init(0); pthread_cleanup_push(0, 0);
|                      pthread_create(0,0,0,0); pthread_cleanup_pop(0);
|   ;
|   return 0;
| }
configure:8289: result: no
configure:8210: checking whether pthreads work with -kthread
configure:8262: gcc -o conftest -g -O2 -kthread   conftest.c  -lreadline -lncurses  >&5
gcc: unrecognized option '-kthread'
/tmp/ccQrckOX.o: In function `main':
/home/ashish/Desktop/chess/gnuchess-6.0.1/conftest.c:51: undefined reference to `pthread_join'
/home/ashish/Desktop/chess/gnuchess-6.0.1/conftest.c:52: undefined reference to `__pthread_register_cancel'
/home/ashish/Desktop/chess/gnuchess-6.0.1/conftest.c:53: undefined reference to `pthread_create'
/home/ashish/Desktop/chess/gnuchess-6.0.1/conftest.c:53: undefined reference to `__pthread_unregister_cancel'
collect2: ld returned 1 exit status
configure:8268: $? = 1
configure: failed program was:
| /* confdefs.h.  */
| #define PACKAGE_NAME "GNU Chess"
| #define PACKAGE_TARNAME "chess"
| #define PACKAGE_VERSION "6.0.1"
| #define PACKAGE_STRING "GNU Chess 6.0.1"
| #define PACKAGE_BUGREPORT "bug-gnu-chess@gnu.org"
| #define PACKAGE "gnuchess"
| #define VERSION "6.0.1"
| #define HAVE_LIBNCURSES 1
| #define HAVE_LIBREADLINE 1
| #define STDC_HEADERS 1
| #define HAVE_SYS_TYPES_H 1
| #define HAVE_SYS_STAT_H 1
| #define HAVE_STDLIB_H 1
| #define HAVE_STRING_H 1
| #define HAVE_MEMORY_H 1
| #define HAVE_STRINGS_H 1
| #define HAVE_INTTYPES_H 1
| #define HAVE_STDINT_H 1
| #define HAVE_UNISTD_H 1
| #define HAVE_READLINE_READLINE_H 1
| #define HAVE_READLINE_HISTORY_H 1
| #define STDC_HEADERS 1
| #define HAVE_TIME_H 1
| #define HAVE_SYS_TIME_H 1
| #define HAVE_UNISTD_H 1
| #define HAVE_ERRNO_H 1
| #define HAVE_FCNTL_H 1
| #define HAVE_LIBINTL_H 1
| #define HAVE_STDLIB_H 1
| #define HAVE_REALLOC 1
| #define HAVE__BOOL 1
| #define HAVE_STDBOOL_H 1
| #define TIME_WITH_SYS_TIME 1
| #define RETSIGTYPE void
| #define HAVE_STDLIB_H 1
| #define HAVE_MALLOC 1
| #define HAVE_GETTIMEOFDAY 1
| #define HAVE_STRCHR 1
| #define HAVE_STRCSPN 1
| #define HAVE_STRSTR 1
| #define HAVE_STRERROR 1
| #define HAVE_MEMSET 1
| #define HAVE_STRDUP 1
| #define HAVE_STRTOL 1
| /* end confdefs.h.  */
| #include <pthread.h>
| int
| main ()
| {
| pthread_t th; pthread_join(th, 0);
|                      pthread_attr_init(0); pthread_cleanup_push(0, 0);
|                      pthread_create(0,0,0,0); pthread_cleanup_pop(0);
|   ;
|   return 0;
| }
configure:8289: result: no
configure:8217: checking for the pthreads library -llthread
configure:8262: gcc -o conftest -g -O2    conftest.c -llthread -lreadline -lncurses  >&5
/usr/bin/ld: cannot find -llthread
collect2: ld returned 1 exit status
configure:8268: $? = 1
configure: failed program was:
| /* confdefs.h.  */
| #define PACKAGE_NAME "GNU Chess"
| #define PACKAGE_TARNAME "chess"
| #define PACKAGE_VERSION "6.0.1"
| #define PACKAGE_STRING "GNU Chess 6.0.1"
| #define PACKAGE_BUGREPORT "bug-gnu-chess@gnu.org"
| #define PACKAGE "gnuchess"
| #define VERSION "6.0.1"
| #define HAVE_LIBNCURSES 1
| #define HAVE_LIBREADLINE 1
| #define STDC_HEADERS 1
| #define HAVE_SYS_TYPES_H 1
| #define HAVE_SYS_STAT_H 1
| #define HAVE_STDLIB_H 1
| #define HAVE_STRING_H 1
| #define HAVE_MEMORY_H 1
| #define HAVE_STRINGS_H 1
| #define HAVE_INTTYPES_H 1
| #define HAVE_STDINT_H 1
| #define HAVE_UNISTD_H 1
| #define HAVE_READLINE_READLINE_H 1
| #define HAVE_READLINE_HISTORY_H 1
| #define STDC_HEADERS 1
| #define HAVE_TIME_H 1
| #define HAVE_SYS_TIME_H 1
| #define HAVE_UNISTD_H 1
| #define HAVE_ERRNO_H 1
| #define HAVE_FCNTL_H 1
| #define HAVE_LIBINTL_H 1
| #define HAVE_STDLIB_H 1
| #define HAVE_REALLOC 1
| #define HAVE__BOOL 1
| #define HAVE_STDBOOL_H 1
| #define TIME_WITH_SYS_TIME 1
| #define RETSIGTYPE void
| #define HAVE_STDLIB_H 1
| #define HAVE_MALLOC 1
| #define HAVE_GETTIMEOFDAY 1
| #define HAVE_STRCHR 1
| #define HAVE_STRCSPN 1
| #define HAVE_STRSTR 1
| #define HAVE_STRERROR 1
| #define HAVE_MEMSET 1
| #define HAVE_STRDUP 1
| #define HAVE_STRTOL 1
| /* end confdefs.h.  */
| #include <pthread.h>
| int
| main ()
| {
| pthread_t th; pthread_join(th, 0);
|                      pthread_attr_init(0); pthread_cleanup_push(0, 0);
|                      pthread_create(0,0,0,0); pthread_cleanup_pop(0);
|   ;
|   return 0;
| }
configure:8289: result: no
configure:8210: checking whether pthreads work with -pthread
configure:8262: gcc -o conftest -g -O2 -pthread   conftest.c  -lreadline -lncurses  >&5
configure:8268: $? = 0
configure:8289: result: yes
configure:8312: checking for joinable pthread attribute
configure:8335: gcc -o conftest -g -O2 -pthread   conftest.c  -lreadline -lncurses  >&5
configure:8341: $? = 0
configure:8409: result: PTHREAD_CREATE_JOINABLE
configure:8416: checking if more special flags are required for pthreads
configure:8423: result: no
configure:8437: checking for cc_r
configure:8465: result: gcc
configure:8624: creating ./config.status

## ---------------------- ##
## Running config.status. ##
## ---------------------- ##

This file was extended by GNU Chess config.status 6.0.1, which was
generated by GNU Autoconf 2.61.  Invocation command line was

  CONFIG_FILES    = 
  CONFIG_HEADERS  = 
  CONFIG_LINKS    = 
  CONFIG_COMMANDS = 
  $ ./config.status 

on ashishdesktop

config.status:685: creating Makefile
config.status:685: creating src/Makefile
config.status:685: creating src/frontend/Makefile
config.status:685: creating src/adapter/Makefile
config.status:685: creating src/engine/Makefile
config.status:685: creating doc/Makefile
config.status:685: creating src/config.h
config.status:985: executing depfiles commands
config.status:985: executing src/GCint.h commands
config.status:1117: creating src/GCint.h : _GNUCHESS_SRC_GCINT_H

## ---------------- ##
## Cache variables. ##
## ---------------- ##

ac_cv_build=x86_64-unknown-linux-gnu
ac_cv_c_compiler_gnu=yes
ac_cv_c_const=yes
ac_cv_c_inline=inline
ac_cv_c_volatile=yes
ac_cv_cxx_compiler_gnu=yes
ac_cv_env_CCC_set=
ac_cv_env_CCC_value=
ac_cv_env_CC_set=
ac_cv_env_CC_value=
ac_cv_env_CFLAGS_set=
ac_cv_env_CFLAGS_value=
ac_cv_env_CPPFLAGS_set=
ac_cv_env_CPPFLAGS_value=
ac_cv_env_CPP_set=
ac_cv_env_CPP_value=
ac_cv_env_CXXFLAGS_set=
ac_cv_env_CXXFLAGS_value=
ac_cv_env_CXX_set=
ac_cv_env_CXX_value=
ac_cv_env_LDFLAGS_set=
ac_cv_env_LDFLAGS_value=
ac_cv_env_LIBS_set=
ac_cv_env_LIBS_value=
ac_cv_env_build_alias_set=
ac_cv_env_build_alias_value=
ac_cv_env_host_alias_set=
ac_cv_env_host_alias_value=
ac_cv_env_target_alias_set=
ac_cv_env_target_alias_value=
ac_cv_func_gettimeofday=yes
ac_cv_func_malloc_0_nonnull=yes
ac_cv_func_memcmp_working=yes
ac_cv_func_memset=yes
ac_cv_func_realloc_0_nonnull=yes
ac_cv_func_strchr=yes
ac_cv_func_strcspn=yes
ac_cv_func_strdup=yes
ac_cv_func_strerror=yes
ac_cv_func_strstr=yes
ac_cv_func_strtol=yes
ac_cv_header_errno_h=yes
ac_cv_header_fcntl_h=yes
ac_cv_header_inttypes_h=yes
ac_cv_header_libintl_h=yes
ac_cv_header_memory_h=yes
ac_cv_header_readline_history_h=yes
ac_cv_header_readline_readline_h=yes
ac_cv_header_stdbool_h=yes
ac_cv_header_stdc=yes
ac_cv_header_stdint=stdint.h
ac_cv_header_stdint_h=yes
ac_cv_header_stdint_t=stdint.h
ac_cv_header_stdlib_h=yes
ac_cv_header_string_h=yes
ac_cv_header_strings_h=yes
ac_cv_header_sys_stat_h=yes
ac_cv_header_sys_time_h=yes
ac_cv_header_sys_types_h=yes
ac_cv_header_time=yes
ac_cv_header_time_h=yes
ac_cv_header_unistd_h=yes
ac_cv_host=x86_64-unknown-linux-gnu
ac_cv_lib_ncurses_tputs=yes
ac_cv_lib_readline_readline=yes
ac_cv_objext=o
ac_cv_path_EGREP='/bin/grep -E'
ac_cv_path_GREP=/bin/grep
ac_cv_path_install='/usr/bin/install -c'
ac_cv_path_mkdir=/bin/mkdir
ac_cv_prog_AWK=mawk
ac_cv_prog_CPP='gcc -E'
ac_cv_prog_PTHREAD_CC=gcc
ac_cv_prog_ac_ct_CC=gcc
ac_cv_prog_ac_ct_CXX=g++
ac_cv_prog_ac_ct_RANLIB=ranlib
ac_cv_prog_cc_c89=
ac_cv_prog_cc_g=yes
ac_cv_prog_cxx_g=yes
ac_cv_prog_make_make_set=yes
ac_cv_stdint_message='using gnu compiler gcc (Ubuntu/Linaro 4.5.2-8ubuntu4) 4.5.2'
ac_cv_stdint_result='(assuming C99 compatible system)'
ac_cv_struct_tm=time.h
ac_cv_type__Bool=yes
ac_cv_type_signal=void
ac_cv_type_size_t=yes
ac_cv_use_readline=yes
am_cv_CC_dependencies_compiler_type=gcc3
am_cv_CXX_dependencies_compiler_type=gcc3

## ----------------- ##
## Output variables. ##
## ----------------- ##

ACLOCAL='${SHELL} /home/ashish/Desktop/chess/gnuchess-6.0.1/missing --run aclocal-1.10'
AMDEPBACKSLASH='\'
AMDEP_FALSE='#'
AMDEP_TRUE=''
AMTAR='${SHELL} /home/ashish/Desktop/chess/gnuchess-6.0.1/missing --run tar'
AUTOCONF='${SHELL} /home/ashish/Desktop/chess/gnuchess-6.0.1/missing --run autoconf'
AUTOHEADER='${SHELL} /home/ashish/Desktop/chess/gnuchess-6.0.1/missing --run autoheader'
AUTOMAKE='${SHELL} /home/ashish/Desktop/chess/gnuchess-6.0.1/missing --run automake-1.10'
AWK='mawk'
CC='gcc'
CCDEPMODE='depmode=gcc3'
CFLAGS='-g -O2'
CPP='gcc -E'
CPPFLAGS=''
CXX='g++'
CXXDEPMODE='depmode=gcc3'
CXXFLAGS='-g -O2'
CYGPATH_W='echo'
DEFS='-DHAVE_CONFIG_H'
DEPDIR='.deps'
ECHO_C=''
ECHO_N='-n'
ECHO_T=''
EGREP='/bin/grep -E'
EXEEXT=''
GREP='/bin/grep'
INSTALL_DATA='${INSTALL} -m 644'
INSTALL_PROGRAM='${INSTALL}'
INSTALL_SCRIPT='${INSTALL}'
INSTALL_STRIP_PROGRAM='$(install_sh) -c -s'
LDFLAGS=''
LEX='${SHELL} /home/ashish/Desktop/chess/gnuchess-6.0.1/missing --run flex'
LEXLIB=''
LEX_OUTPUT_ROOT=''
LIBOBJS=''
LIBS='-lreadline -lncurses '
LN_S='ln -s'
LTLIBOBJS=''
MAKEINFO='${SHELL} /home/ashish/Desktop/chess/gnuchess-6.0.1/missing --run makeinfo'
OBJEXT='o'
PACKAGE='gnuchess'
PACKAGE_BUGREPORT='bug-gnu-chess@gnu.org'
PACKAGE_NAME='GNU Chess'
PACKAGE_STRING='GNU Chess 6.0.1'
PACKAGE_TARNAME='chess'
PACKAGE_VERSION='6.0.1'
PATH_SEPARATOR=':'
PTHREAD_CC='gcc'
PTHREAD_CFLAGS='-pthread'
PTHREAD_CXXFLAGS='-pthread'
PTHREAD_LIBS=''
RANLIB='ranlib'
SET_MAKE=''
SHELL='/bin/bash'
STRIP=''
VERSION='6.0.1'
ac_ct_CC='gcc'
ac_ct_CXX='g++'
am__fastdepCC_FALSE='#'
am__fastdepCC_TRUE=''
am__fastdepCXX_FALSE='#'
am__fastdepCXX_TRUE=''
am__include='include'
am__isrc=''
am__leading_dot='.'
am__quote=''
am__tar='${AMTAR} chof - "$$tardir"'
am__untar='${AMTAR} xf -'
bindir='${exec_prefix}/bin'
build='x86_64-unknown-linux-gnu'
build_alias=''
build_cpu='x86_64'
build_os='linux-gnu'
build_vendor='unknown'
datadir='${datarootdir}'
datarootdir='${prefix}/share'
docdir='${datarootdir}/doc/${PACKAGE_TARNAME}'
dvidir='${docdir}'
exec_prefix='${prefix}'
host='x86_64-unknown-linux-gnu'
host_alias=''
host_cpu='x86_64'
host_os='linux-gnu'
host_vendor='unknown'
htmldir='${docdir}'
includedir='${prefix}/include'
infodir='${datarootdir}/info'
install_sh='$(SHELL) /home/ashish/Desktop/chess/gnuchess-6.0.1/install-sh'
libdir='${exec_prefix}/lib'
libexecdir='${exec_prefix}/libexec'
localedir='${datarootdir}/locale'
localstatedir='${prefix}/var'
mandir='${datarootdir}/man'
mkdir_p='/bin/mkdir -p'
oldincludedir='/usr/include'
pdfdir='${docdir}'
prefix='/usr/local'
program_transform_name='s,x,x,'
psdir='${docdir}'
sbindir='${exec_prefix}/sbin'
sharedstatedir='${prefix}/com'
sysconfdir='${prefix}/etc'
target_alias=''

## ----------- ##
## confdefs.h. ##
## ----------- ##

#define PACKAGE_NAME "GNU Chess"
#define PACKAGE_TARNAME "chess"
#define PACKAGE_VERSION "6.0.1"
#define PACKAGE_STRING "GNU Chess 6.0.1"
#define PACKAGE_BUGREPORT "bug-gnu-chess@gnu.org"
#define PACKAGE "gnuchess"
#define VERSION "6.0.1"
#define HAVE_LIBNCURSES 1
#define HAVE_LIBREADLINE 1
#define STDC_HEADERS 1
#define HAVE_SYS_TYPES_H 1
#define HAVE_SYS_STAT_H 1
#define HAVE_STDLIB_H 1
#define HAVE_STRING_H 1
#define HAVE_MEMORY_H 1
#define HAVE_STRINGS_H 1
#define HAVE_INTTYPES_H 1
#define HAVE_STDINT_H 1
#define HAVE_UNISTD_H 1
#define HAVE_READLINE_READLINE_H 1
#define HAVE_READLINE_HISTORY_H 1
#define STDC_HEADERS 1
#define HAVE_TIME_H 1
#define HAVE_SYS_TIME_H 1
#define HAVE_UNISTD_H 1
#define HAVE_ERRNO_H 1
#define HAVE_FCNTL_H 1
#define HAVE_LIBINTL_H 1
#define HAVE_STDLIB_H 1
#define HAVE_REALLOC 1
#define HAVE__BOOL 1
#define HAVE_STDBOOL_H 1
#define TIME_WITH_SYS_TIME 1
#define RETSIGTYPE void
#define HAVE_STDLIB_H 1
#define HAVE_MALLOC 1
#define HAVE_GETTIMEOFDAY 1
#define HAVE_STRCHR 1
#define HAVE_STRCSPN 1
#define HAVE_STRSTR 1
#define HAVE_STRERROR 1
#define HAVE_MEMSET 1
#define HAVE_STRDUP 1
#define HAVE_STRTOL 1
#define HAVE_PTHREAD 1

configure: exit 0
